Using pre-set license
Built from '2020.3/staging' branch; Version is '2020.3.10f1 (297d780c91bc) revision 2719096'; Using compiler version '192528614'; Build Type 'Release'
OS: 'Windows 10 Home; OS build 19042.1165; Version 2009; 64bit' Language: 'en' Physical Memory: 12249 MB
BatchMode: 1, IsHumanControllingUs: 0, StartBugReporterOnCrash: 0, Is64bit: 1, IsPro: 0

 COMMAND LINE ARGUMENTS:
C:\Program Files\Unity\Hub\Editor\2020.3.10f1\Editor\Unity.exe
-adb2
-batchMode
-noUpm
-name
AssetImportWorker0
-projectPath
D:/Users/tillo/Documents/1multec D/2020/Alternate/Tank Turorial/New_POP_CNTRL
-logFile
Logs/AssetImportWorker0.log
-srvPort
56229
Successfully changed project path to: D:/Users/tillo/Documents/1multec D/2020/Alternate/Tank Turorial/New_POP_CNTRL
D:/Users/tillo/Documents/1multec D/2020/Alternate/Tank Turorial/New_POP_CNTRL
Using Asset Import Pipeline V2.
Assets/ENVIROMENT_FUT/Cops/uploads_files_53600_Wall_Cell_Shield.c4d: Unity no longer supports importing Cinema 4D files directly, but we're working with Maxon to make the experience better. To import Cinema 4D files, install Maxon's external importer. You can find more information on the Unity Forum: https://on.unity.com/c4d.

Please note that FBX files exported from Cinema4D are still supported.

Refreshing native plugins compatible for Editor in 250.70 ms, found 5 plugins.
Preloading 0 native plugins for Editor in 0.00 ms.
Initialize engine version: 2020.3.10f1 (297d780c91bc)
[Subsystems] Discovering subsystems at path C:/Program Files/Unity/Hub/Editor/2020.3.10f1/Editor/Data/Resources/UnitySubsystems
[Subsystems] Discovering subsystems at path D:/Users/tillo/Documents/1multec D/2020/Alternate/Tank Turorial/New_POP_CNTRL/Assets
GfxDevice: creating device client; threaded=0
Direct3D:
    Version:  Direct3D 11.0 [level 11.1]
    Renderer: NVIDIA GeForce GTX 1070 (ID=0x1be1)
    Vendor:   
    VRAM:     8081 MB
    Driver:   27.21.14.6280
Shader 'Universal Render Pipeline/Particles/Lit': fallback shader 'Universal Render Pipeline/Particles/SimpleLit' not found
Initialize mono
Mono path[0] = 'C:/Program Files/Unity/Hub/Editor/2020.3.10f1/Editor/Data/Managed'
Mono path[1] = 'C:/Program Files/Unity/Hub/Editor/2020.3.10f1/Editor/Data/MonoBleedingEdge/lib/mono/unityjit'
Mono config path = 'C:/Program Files/Unity/Hub/Editor/2020.3.10f1/Editor/Data/MonoBleedingEdge/etc'
Using monoOptions --debugger-agent=transport=dt_socket,embedding=1,server=y,suspend=n,address=127.0.0.1:56972
Begin MonoManager ReloadAssembly
Registering precompiled unity dll's ...
Register platform support module: C:/Program Files/Unity/Hub/Editor/2020.3.10f1/Editor/Data/PlaybackEngines/WindowsStandaloneSupport/UnityEditor.WindowsStandalone.Extensions.dll
Registered in 0.003766 seconds.
Native extension for WindowsStandalone target not found
Assets/ENVIROMENT_FUT/Cops/uploads_files_53600_Wall_Cell_Shield.c4d: Unity no longer supports importing Cinema 4D files directly, but we're working with Maxon to make the experience better. To import Cinema 4D files, install Maxon's external importer. You can find more information on the Unity Forum: https://on.unity.com/c4d.

Please note that FBX files exported from Cinema4D are still supported.

Refreshing native plugins compatible for Editor in 191.37 ms, found 5 plugins.
Preloading 0 native plugins for Editor in 0.00 ms.
Mono: successfully reloaded assembly
- Completed reload, in  3.763 seconds
Platform modules already initialized, skipping
Registering precompiled user dll's ...
Registered in 0.039225 seconds.
Begin MonoManager ReloadAssembly
Native extension for WindowsStandalone target not found
Assets/ENVIROMENT_FUT/Cops/uploads_files_53600_Wall_Cell_Shield.c4d: Unity no longer supports importing Cinema 4D files directly, but we're working with Maxon to make the experience better. To import Cinema 4D files, install Maxon's external importer. You can find more information on the Unity Forum: https://on.unity.com/c4d.

Please note that FBX files exported from Cinema4D are still supported.

Refreshing native plugins compatible for Editor in 203.10 ms, found 5 plugins.
Preloading 0 native plugins for Editor in 0.00 ms.
Mono: successfully reloaded assembly
- Completed reload, in  4.231 seconds
Platform modules already initialized, skipping
Assets/ENVIROMENT_FUT/Cops/uploads_files_53600_Wall_Cell_Shield.c4d: Unity no longer supports importing Cinema 4D files directly, but we're working with Maxon to make the experience better. To import Cinema 4D files, install Maxon's external importer. You can find more information on the Unity Forum: https://on.unity.com/c4d.

Please note that FBX files exported from Cinema4D are still supported.

========================================================================
Worker process is ready to serve import requests
Assets/ENVIROMENT_FUT/Cops/uploads_files_53600_Wall_Cell_Shield.c4d: Unity no longer supports importing Cinema 4D files directly, but we're working with Maxon to make the experience better. To import Cinema 4D files, install Maxon's external importer. You can find more information on the Unity Forum: https://on.unity.com/c4d.

Please note that FBX files exported from Cinema4D are still supported.

Shader 'Universal Render Pipeline/Particles/Lit': fallback shader 'Universal Render Pipeline/Particles/SimpleLit' not found
Launched and connected shader compiler UnityShaderCompiler.exe after 0.13 seconds
Refreshing native plugins compatible for Editor in 3.80 ms, found 5 plugins.
Preloading 0 native plugins for Editor in 0.00 ms.
Unloading 4865 Unused Serialized files (Serialized files now loaded: 0)
System memory in use before: 219.2 MB.
System memory in use after: 219.4 MB.

Unloading 41 unused Assets to reduce memory usage. Loaded Objects now: 5303.
Total: 21.671700 ms (FindLiveObjects: 4.783200 ms CreateObjectMapping: 3.851600 ms MarkObjects: 12.605300 ms  DeleteObjects: 0.427800 ms)

========================================================================
Received Import Request.
  path: Assets/ExampleAssets/Models
  artifactKey: Guid(aa97895f3852bd44399ef0893bec4f5e) Importer(815301076,1909f56bfc062723c751e8b465ee728b)
Start importing Assets/ExampleAssets/Models using Guid(aa97895f3852bd44399ef0893bec4f5e) Importer(815301076,1909f56bfc062723c751e8b465ee728b)  -> (artifact id: 'cfad6cb1d5af37162b55c25468722282') in 0.024577 seconds
  Import took 0.081365 seconds .

========================================================================
Received Import Request.
  Time since last request: 265.473350 seconds.
  path: Assets/ENVIROMENT_FUT/Cops/uploads_files_53600_Wall_Cell_Shield.c4d
  artifactKey: Guid(7c4347776f1c7d64fa5159274114ed8f) Importer(815301076,1909f56bfc062723c751e8b465ee728b)
Start importing Assets/ENVIROMENT_FUT/Cops/uploads_files_53600_Wall_Cell_Shield.c4d using Guid(7c4347776f1c7d64fa5159274114ed8f) Importer(815301076,1909f56bfc062723c751e8b465ee728b) Assets/ENVIROMENT_FUT/Cops/uploads_files_53600_Wall_Cell_Shield.c4d: Unity no longer supports importing Cinema 4D files directly, but we're working with Maxon to make the experience better. To import Cinema 4D files, install Maxon's external importer. You can find more information on the Unity Forum: https://on.unity.com/c4d.

Please note that FBX files exported from Cinema4D are still supported.

 -> (artifact id: 'd5d15803295cebe6f32ba160215b3211') in 0.078530 seconds
  Import took 0.094442 seconds .

AssetImportWorkerClient::OnTransportError - code=2 error=End of file
